2026-07-02 23:37:55,719 [INFO] Initializing unified EDA generation...
2026-07-02 23:37:55,720 [INFO] Loading cleaned datasets from processed directory...
2026-07-02 23:37:55,793 [INFO] Loaded merged master dataset (Rows: 25420, Columns: 29)
2026-07-02 23:37:55,794 [INFO] Generating driver wins chart...
2026-07-02 23:37:56,118 [INFO] Successfully saved chart to: driver_wins.png
2026-07-02 23:37:56,119 [INFO] Generating constructor podiums chart...
2026-07-02 23:37:56,359 [INFO] Successfully saved chart to: constructor_podiums.png
2026-07-02 23:37:56,359 [INFO] Generating driver consistency boxplot...
2026-07-02 23:37:56,590 [INFO] Successfully saved chart to: driver_consistency.png
2026-07-02 23:37:56,590 [INFO] Generating championship progression chart...
2026-07-02 23:37:56,947 [INFO] Successfully saved chart to: championship_progression.png
2026-07-02 23:37:56,947 [INFO] Generating pole conversion rates chart...
2026-07-02 23:37:57,164 [INFO] Successfully saved chart to: pole_conversion.png
2026-07-02 23:37:57,165 [INFO] Generating circuit comparison (Monaco vs Spa) chart...
2026-07-02 23:37:57,642 [INFO] Successfully saved chart to: monaco_vs_spa_grid_impact.png
2026-07-02 23:37:57,642 [INFO] Generating lap time distribution density plot...
2026-07-02 23:37:58,276 [INFO] Successfully saved chart to: lap_time_dist.png
2026-07-02 23:37:58,284 [INFO] Generating fastest lap violin plot...
2026-07-02 23:37:58,539 [INFO] Successfully saved chart to: fastest_lap_violin.png
2026-07-02 23:37:58,539 [INFO] Generating pit stop trends scatter chart...
2026-07-02 23:37:58,945 [INFO] Successfully saved chart to: pit_stop_trends.png
2026-07-02 23:37:58,946 [INFO] Generating pit stop box plot (outliers)...
2026-07-02 23:37:59,150 [INFO] Successfully saved chart to: outliers_pit_stops.png
2026-07-02 23:37:59,150 [INFO] Generating grid vs finish position line plot...
2026-07-02 23:37:59,494 [INFO] Successfully saved chart to: grid_vs_finish.png
2026-07-02 23:37:59,494 [INFO] Generating grid vs finish scatter with linear regression fit...
2026-07-02 23:38:00,282 [INFO] Successfully saved chart to: grid_vs_finish_scatter.png
2026-07-02 23:38:00,283 [INFO] Generating finishing position histogram...
2026-07-02 23:38:00,553 [INFO] Successfully saved chart to: finishing_position_hist.png
2026-07-02 23:38:00,553 [INFO] Generating correlation matrix heatmap...
2026-07-02 23:38:00,931 [INFO] Successfully saved chart to: correlation_heatmap.png
2026-07-02 23:38:00,932 [INFO] Generating missing values bar chart...
2026-07-02 23:38:01,141 [INFO] Successfully saved chart to: missing_values_audit.png
2026-07-02 23:38:01,141 [INFO] Performing distributions and target leakage audits...
2026-07-02 23:38:01,147 [INFO] Compiling unified EDA report...
2026-07-02 23:38:01,153 [INFO] Saved unified EDA report to reports/ and artifacts folder.
2026-07-02 23:38:01,154 [INFO] Unified EDA Generation Pipeline Completed Successfully!
